<?xml version="1.0" encoding="UTF-8"?>
<!-- Generated by org.testng.reporters.JUnitReportReporter -->
<testsuite skipped="0" hostname="az" name="tests.Test1" tests="1" failures="0" timestamp="18 Nov 2018 03:36:26 GMT" time="1.553" errors="0">
  <testcase name="testGoogle" time="1.553" classname="tests.Test1"/>
</testsuite> <!-- tests.Test1 -->
