<?xml version="1.0" encoding="UTF-8"?>
<!-- Generated by org.testng.reporters.JUnitReportReporter -->
<testsuite skipped="0" hostname="az" name="tests.TestProperties" tests="1" failures="0" timestamp="18 Nov 2018 03:36:26 GMT" time="0.062" errors="0">
  <testcase name="test123" time="0.062" classname="tests.TestProperties"/>
</testsuite> <!-- tests.TestProperties -->
